<?xml version="1.0" encoding="UTF-8"?>
<!-- Generated by org.testng.reporters.JUnitReportReporter -->
<testsuite skipped="0" hostname="DESKTOP-QB571LA" name="org.login.Testng" tests="1" failures="0" timestamp="01 Mar 2023 10:40:49 GMT" time="0.009" errors="0">
  <testcase name="tc4" time="0.009" classname="org.login.Testng"/>
</testsuite> <!-- org.login.Testng -->
