<?xml version="1.0" encoding="UTF-8"?>
<!-- Generated by org.testng.reporters.JUnitReportReporter -->
<testsuite skipped="1" hostname="DESKTOP-QB571LA" name="org.login.Sample" tests="7" failures="0" timestamp="02 Mar 2023 04:02:46 GMT" time="0.046" errors="0">
  <testcase name="tc1" time="0.018" classname="org.login.Sample"/>
  <testcase name="tc1" time="0.005" classname="org.login.Sample"/>
  <testcase name="tc1" time="0.008" classname="org.login.Sample"/>
  <testcase name="tc1" time="0.002" classname="org.login.Sample"/>
  <testcase name="tc1" time="0.006" classname="org.login.Sample"/>
  <testcase name="tc2" time="0.007" classname="org.login.Sample"/>
  <testcase name="tc3" classname="org.login.Sample">
    <skipped/>
  </testcase> <!-- tc3 -->
</testsuite> <!-- org.login.Sample -->
